<?xml version="1.0" encoding="UTF-8"?>
<!-- Generated by org.testng.reporters.JUnitReportReporter -->
<testsuite hostname="KholoudRabie" failures="0" tests="1" name="com.google.Selenium.SignUpForm" time="0.758" errors="0" timestamp="2022-11-16T17:48:24 EET" skipped="0">
  <testcase classname="com.google.Selenium.SignUpForm" name="signupsuccess" time="0.758"/>
  <system-out/>
</testsuite> <!-- com.google.Selenium.SignUpForm -->
