<?xml version="1.0" encoding="UTF-8"?>
<!-- Generated by org.testng.reporters.JUnitReportReporter -->
<testsuite hostname="KholoudRabie" failures="0" tests="1" name="com.google.Selenium.factoryInvalidSignup" time="1.204" errors="0" timestamp="2022-11-17T18:47:36 EET" skipped="0">
  <testcase classname="com.google.Selenium.factoryInvalidSignup" name="missingdata" time="1.204"/>
  <system-out/>
</testsuite> <!-- com.google.Selenium.factoryInvalidSignup -->
